<?xml version="1.0" encoding="UTF-8"?>
<!-- Generated by org.testng.reporters.JUnitReportReporter -->
<testsuite hostname="DESKTOP-MNSU8OR" failures="0" tests="3" name="PracticeTestNGTest.createDataProviderTest" time="0.046" errors="0" timestamp="2025-02-18T15:25:28 IST" skipped="0">
  <testcase classname="PracticeTestNGTest.createDataProviderTest" name="CREATEdataProviderTest" time="0.032"/>
  <testcase classname="PracticeTestNGTest.createDataProviderTest" name="CREATEdataProviderTest" time="0.011"/>
  <testcase classname="PracticeTestNGTest.createDataProviderTest" name="CREATEdataProviderTest" time="0.003"/>
</testsuite> <!-- PracticeTestNGTest.createDataProviderTest -->
