<?xml version="1.0" encoding="UTF-8"?>
<!-- Generated by org.testng.reporters.JUnitReportReporter -->
<testsuite hostname="DESKTOP-MNSU8OR" failures="0" tests="1" name="Practice.ExrentReportWithScreenShots" time="8.172" errors="0" timestamp="2025-02-21T11:32:18 IST" skipped="0">
  <testcase classname="Practice.ExrentReportWithScreenShots" name="createContactWithOrg" time="8.172"/>
</testsuite> <!-- Practice.ExrentReportWithScreenShots -->
