<?xml version="1.0" encoding="UTF-8"?>
<!-- Generated by org.testng.reporters.JUnitReportReporter -->
<testsuite hostname="DESKTOP-MNSU8OR" failures="0" tests="7" name="PracticeTestNGTest.GetDataFromExcelDataProvider" time="161.050" errors="0" timestamp="2025-02-18T17:14:11 IST" skipped="0">
  <testcase classname="PracticeTestNGTest.GetDataFromExcelDataProvider" name="GetDataProviderData" time="21.652"/>
  <testcase classname="PracticeTestNGTest.GetDataFromExcelDataProvider" name="GetDataProviderData" time="22.106"/>
  <testcase classname="PracticeTestNGTest.GetDataFromExcelDataProvider" name="GetDataProviderData" time="22.012"/>
  <testcase classname="PracticeTestNGTest.GetDataFromExcelDataProvider" name="GetDataProviderData" time="20.587"/>
  <testcase classname="PracticeTestNGTest.GetDataFromExcelDataProvider" name="GetDataProviderData" time="30.134"/>
  <testcase classname="PracticeTestNGTest.GetDataFromExcelDataProvider" name="GetDataProviderData" time="22.221"/>
  <testcase classname="PracticeTestNGTest.GetDataFromExcelDataProvider" name="GetDataProviderData" time="22.338"/>
</testsuite> <!-- PracticeTestNGTest.GetDataFromExcelDataProvider -->
