<?xml version="1.0" encoding="UTF-8"?>
<!-- Generated by org.testng.reporters.JUnitReportReporter -->
<testsuite hostname="DESKTOP-MNSU8OR" failures="0" tests="1" name="ScreenShot.ScreenShotSampleTest" time="9.081" errors="0" timestamp="2025-02-20T11:24:46 IST" skipped="0">
  <testcase classname="ScreenShot.ScreenShotSampleTest" name="flipkartTest" time="9.081"/>
</testsuite> <!-- ScreenShot.ScreenShotSampleTest -->
