<?xml version="1.0" encoding="UTF-8"?>
<!-- Generated by org.testng.reporters.JUnitReportReporter -->
<testsuite hostname="DESKTOP-MNSU8OR" failures="0" tests="1" name="com.comcast.crm.OrgTest.CreateNewOrgTestNGTest" time="245.085" errors="0" timestamp="2025-02-25T11:11:33 IST" skipped="0">
  <testcase classname="com.comcast.crm.OrgTest.CreateNewOrgTestNGTest" name="CreateOrg" time="245.085"/>
</testsuite> <!-- com.comcast.crm.OrgTest.CreateNewOrgTestNGTest -->
