<?xml version="1.0" encoding="UTF-8"?>
<!-- Generated by org.testng.reporters.JUnitXMLReporter -->
<testsuite ignored="0" hostname="DESKTOP-MNSU8OR" failures="2" tests="2" name="Test-2" time="13.06" errors="0" timestamp="2025-02-22T10:40:45 IST">
  <testcase classname="com.comcast.crm.OrgTest.CreateNewOrgTestNGTest" name="CreateAndDeleteOrgTest" time="0.001">
    <failure type="java.lang.NullPointerException" message="Cannot invoke &amp;quot;com.aventstack.extentreports.ExtentReports.createTest(String)&amp;quot; because &amp;quot;this.report&amp;quot; is null">
      <![CDATA[java.lang.NullPointerException: Cannot invoke "com.aventstack.extentreports.ExtentReports.createTest(String)" because "this.report" is null
at com.comcast.crm.listenerUtility.ListenerImplementationClass.onTestStart(ListenerImplementationClass.java:48)
at java.base/java.util.ArrayList.forEach(ArrayList.java:1596)
at java.base/java.util.concurrent.FutureTask.run(FutureTask.java:317)
at java.base/java.util.concurrent.ThreadPoolExecutor.runWorker(ThreadPoolExecutor.java:1144)
at java.base/java.util.concurrent.ThreadPoolExecutor$Worker.run(ThreadPoolExecutor.java:642)
at java.base/java.lang.Thread.run(Thread.java:1583)
... Removed 14 stack frames]]>
    </failure>
  </testcase> <!-- CreateAndDeleteOrgTest -->
  <testcase classname="com.comcast.crm.OrgTest.CreateNewOrgTestNGTest" name="CreateAndDeleteOrgTest" time="7.394">
    <failure type="java.lang.NullPointerException" message="Cannot invoke &amp;quot;com.aventstack.extentreports.ExtentTest.addScreenCaptureFromBase64String(String, String)&amp;quot; because &amp;quot;this.test&amp;quot; is null">
      <![CDATA[java.lang.NullPointerException: Cannot invoke "com.aventstack.extentreports.ExtentTest.addScreenCaptureFromBase64String(String, String)" because "this.test" is null
at com.comcast.crm.listenerUtility.ListenerImplementationClass.onTestFailure(ListenerImplementationClass.java:65)
at java.base/java.util.ArrayList.forEach(ArrayList.java:1596)
at java.base/java.util.concurrent.FutureTask.run(FutureTask.java:317)
at java.base/java.util.concurrent.ThreadPoolExecutor.runWorker(ThreadPoolExecutor.java:1144)
at java.base/java.util.concurrent.ThreadPoolExecutor$Worker.run(ThreadPoolExecutor.java:642)
at java.base/java.lang.Thread.run(Thread.java:1583)
... Removed 14 stack frames]]>
    </failure>
  </testcase> <!-- CreateAndDeleteOrgTest -->
</testsuite> <!-- Test-2 -->
